2024-05-27 11:53:29,965 - DrawBOM - INFO - Comenzando el proceso de crear órdenes de pedidos...
2024-05-27 12:03:57,286 - DrawBOM - INFO - Comenzando el proceso de crear órdenes de pedidos...
2024-05-27 12:05:25,097 - DrawBOM - INFO - Comenzando el proceso de crear órdenes de pedidos...
2024-05-27 12:07:41,823 - DrawBOM - INFO - Comenzando el proceso de crear órdenes de pedidos...
2024-05-27 12:11:13,354 - DrawBOM - INFO - Comenzando el proceso de crear órdenes de pedidos...
2024-05-27 12:13:27,219 - DrawBOM - INFO - Comenzando el proceso de crear órdenes de pedidos...
2024-05-27 12:25:07,644 - DrawBOM - INFO - Comenzando el proceso de crear órdenes de pedidos...
2024-05-27 12:26:45,405 - DrawBOM - INFO - Comenzando el proceso de crear órdenes de pedidos...
2024-05-27 12:29:34,465 - DrawBOM - INFO - Comenzando el proceso de crear órdenes de pedidos...
2024-05-27 12:32:34,024 - DrawBOM - INFO - Comenzando el proceso de crear órdenes de pedidos...
2024-05-27 12:34:19,692 - DrawBOM - INFO - Comenzando el proceso de dibujar la BOM
2024-05-27 12:34:20,105 - DrawBOM - INFO - Se añaden los ejes...
2024-05-27 12:34:20,195 - DrawBOM - INFO - Se dibuja el grafo...
2024-05-27 12:37:48,260 - DrawBOM - INFO - Comenzando el proceso de dibujar la BOM
2024-05-27 12:37:48,653 - DrawBOM - INFO - Se añaden los ejes...
2024-05-27 12:37:48,784 - DrawBOM - INFO - Se dibuja el grafo...
2024-05-27 12:45:18,823 - DrawBOM - INFO - Comenzando el proceso de dibujar la BOM
2024-05-27 12:45:19,234 - DrawBOM - INFO - Se añaden los ejes...
2024-05-27 12:45:19,339 - DrawBOM - INFO - Se dibuja el grafo...
2024-05-27 12:48:20,354 - DrawBOM - INFO - Comenzando el proceso de dibujar la BOM
2024-05-27 12:48:20,773 - DrawBOM - INFO - Se añaden los ejes...
2024-05-27 12:48:20,863 - DrawBOM - INFO - Se dibuja el grafo...
2024-05-27 12:55:20,398 - DrawBOM - INFO - Comenzando el proceso de dibujar la BOM
2024-05-27 12:55:20,850 - DrawBOM - INFO - Se añaden los ejes...
2024-05-27 12:55:20,979 - DrawBOM - INFO - Se dibuja el grafo...
2024-05-27 12:59:11,043 - DrawBOM - INFO - Comenzando el proceso de dibujar la BOM
2024-05-27 12:59:11,465 - DrawBOM - INFO - Se añaden los ejes...
2024-05-27 12:59:11,664 - DrawBOM - INFO - Se dibuja el grafo...
2024-05-27 13:00:27,724 - DrawBOM - INFO - Comenzando el proceso de dibujar la BOM
2024-05-27 13:00:28,119 - DrawBOM - INFO - Se añaden los ejes...
2024-05-27 13:00:28,212 - DrawBOM - INFO - Se dibuja el grafo...
2024-05-27 15:43:49,612 - DrawBOM - INFO - Comenzando el proceso de dibujar la BOM
2024-05-27 15:43:50,040 - DrawBOM - INFO - Se añaden los ejes...
2024-05-27 15:44:23,362 - DrawBOM - INFO - Comenzando el proceso de dibujar la BOM
2024-05-27 15:44:28,589 - DrawBOM - INFO - Se añaden los ejes...
2024-05-27 15:44:28,790 - DrawBOM - INFO - Se dibuja el grafo...
2024-05-27 16:04:27,219 - DrawBOM - INFO - Comenzando el proceso de dibujar la BOM
2024-05-27 16:04:30,594 - DrawBOM - INFO - Se añaden los ejes...
2024-05-27 16:04:30,672 - DrawBOM - INFO - Se dibuja el grafo...
2024-05-27 16:14:03,360 - DrawBOM - INFO - Comenzando el proceso de dibujar la BOM
2024-05-27 16:14:06,749 - DrawBOM - INFO - Se añaden los ejes...
2024-05-27 16:14:07,749 - DrawBOM - INFO - Se dibuja el grafo...
2024-05-27 16:32:32,881 - DrawBOM - INFO - Comenzando el proceso de dibujar la BOM
2024-05-27 16:32:36,283 - DrawBOM - INFO - Se añaden los ejes...
2024-05-27 16:32:37,286 - DrawBOM - INFO - Se dibuja el grafo...
2024-05-27 16:35:12,881 - DrawBOM - INFO - Comenzando el proceso de dibujar la BOM
2024-05-27 16:35:16,287 - DrawBOM - INFO - Se añaden los ejes...
2024-05-27 16:35:16,377 - DrawBOM - INFO - Se dibuja el grafo...
2024-05-28 07:36:43,340 - DrawBOM - INFO - Comenzando el proceso de dibujar la BOM
2024-05-28 07:36:43,528 - DrawBOM - INFO - Se añaden los ejes...
2024-05-28 07:36:43,624 - DrawBOM - INFO - Se dibuja el grafo...
2024-05-28 07:37:40,377 - DrawBOM - INFO - Comenzando el proceso de dibujar la BOM
2024-05-28 07:37:40,551 - DrawBOM - INFO - Se añaden los ejes...
2024-05-28 07:37:40,638 - DrawBOM - INFO - Se dibuja el grafo...
2024-05-28 07:42:21,418 - DrawBOM - INFO - Comenzando el proceso de dibujar la BOM
2024-05-28 07:42:21,575 - DrawBOM - INFO - Se añaden los ejes...
2024-05-28 07:42:21,643 - DrawBOM - INFO - Se dibuja el grafo...
2024-05-29 08:51:48,198 - DrawBOM - INFO - Comenzando el proceso de dibujar la BOM
2024-05-29 08:51:48,405 - DrawBOM - INFO - Se añaden los ejes...
2024-05-29 08:51:48,477 - DrawBOM - INFO - Se dibuja el grafo...
2024-05-29 08:52:28,250 - DrawBOM - INFO - Comenzando el proceso de dibujar la BOM
2024-05-29 08:52:28,397 - DrawBOM - INFO - Se añaden los ejes...
2024-05-29 08:52:28,414 - DrawBOM - INFO - Se dibuja el grafo...
2024-05-29 08:53:27,122 - DrawBOM - INFO - Comenzando el proceso de dibujar la BOM
2024-05-29 08:54:05,247 - DrawBOM - INFO - Se añaden los ejes...
2024-05-29 08:54:12,290 - DrawBOM - INFO - Se dibuja el grafo...
2024-05-29 08:58:59,120 - DrawBOM - INFO - Comenzando el proceso de dibujar la BOM
2024-05-29 08:59:06,904 - DrawBOM - INFO - Se añaden los ejes...
2024-05-29 08:59:17,717 - DrawBOM - INFO - Se dibuja el grafo...
2024-05-29 09:04:57,402 - DrawBOM - INFO - Comenzando el proceso de dibujar la BOM
2024-05-29 09:05:03,730 - DrawBOM - INFO - Se añaden los ejes...
2024-05-29 09:05:04,223 - DrawBOM - INFO - Se dibuja el grafo...
2024-05-29 09:18:55,842 - DrawBOM - INFO - Comenzando el proceso de dibujar la BOM
2024-05-29 09:20:14,835 - DrawBOM - INFO - Se añaden los ejes...
2024-05-29 09:20:15,620 - DrawBOM - INFO - Se dibuja el grafo...
2024-05-29 09:20:57,026 - DrawBOM - INFO - Comenzando el proceso de dibujar la BOM
2024-05-29 09:21:02,592 - DrawBOM - INFO - Se añaden los ejes...
2024-05-29 09:21:03,174 - DrawBOM - INFO - Se dibuja el grafo...
2024-05-29 09:21:16,792 - DrawBOM - INFO - Comenzando el proceso de dibujar la BOM
2024-05-29 09:21:16,940 - DrawBOM - INFO - Se añaden los ejes...
2024-05-29 09:21:16,954 - DrawBOM - INFO - Se dibuja el grafo...
2024-05-29 09:26:26,947 - DrawBOM - INFO - Comenzando el proceso de dibujar la BOM
2024-05-29 09:26:30,945 - DrawBOM - INFO - Se añaden los ejes...
2024-05-29 09:26:34,125 - DrawBOM - INFO - Se dibuja el grafo...
2024-05-29 09:27:15,183 - DrawBOM - INFO - Comenzando el proceso de dibujar la BOM
2024-05-29 09:27:15,331 - DrawBOM - INFO - Se añaden los ejes...
2024-05-29 09:27:15,348 - DrawBOM - INFO - Se dibuja el grafo...
2024-05-29 09:28:00,399 - DrawBOM - INFO - Comenzando el proceso de dibujar la BOM
2024-05-29 09:28:00,548 - DrawBOM - INFO - Se añaden los ejes...
2024-05-29 09:28:00,564 - DrawBOM - INFO - Se dibuja el grafo...
2024-05-29 10:03:54,067 - DrawBOM - INFO - Comenzando el proceso de dibujar la BOM
2024-05-29 10:03:54,219 - DrawBOM - INFO - Se añaden los ejes...
2024-05-29 10:03:54,238 - DrawBOM - INFO - Se dibuja el grafo...
2024-05-29 10:09:19,643 - DrawBOM - INFO - Comenzando el proceso de dibujar la BOM
2024-05-29 10:09:19,793 - DrawBOM - INFO - Se añaden los ejes...
2024-05-29 10:09:19,812 - DrawBOM - INFO - Se dibuja el grafo...
2024-05-29 10:16:12,367 - DrawBOM - INFO - Comenzando el proceso de dibujar la BOM
2024-05-29 10:16:12,530 - DrawBOM - INFO - Se añaden los ejes...
2024-05-29 10:16:12,548 - DrawBOM - INFO - Se dibuja el grafo...
2024-05-29 10:18:53,155 - DrawBOM - INFO - Comenzando el proceso de dibujar la BOM
2024-05-29 10:18:53,308 - DrawBOM - INFO - Se añaden los ejes...
2024-05-29 10:18:53,326 - DrawBOM - INFO - Se dibuja el grafo...
2024-05-29 10:20:11,637 - DrawBOM - INFO - Comenzando el proceso de dibujar la BOM
2024-05-29 10:20:11,797 - DrawBOM - INFO - Se añaden los ejes...
2024-05-29 10:20:11,814 - DrawBOM - INFO - Se dibuja el grafo...
2024-05-29 10:20:49,034 - DrawBOM - INFO - Comenzando el proceso de dibujar la BOM
2024-05-29 10:20:49,182 - DrawBOM - INFO - Se añaden los ejes...
2024-05-29 10:20:49,202 - DrawBOM - INFO - Se dibuja el grafo...
2024-05-29 10:21:14,419 - DrawBOM - INFO - Comenzando el proceso de dibujar la BOM
2024-05-29 10:21:14,560 - DrawBOM - INFO - Se añaden los ejes...
2024-05-29 10:21:14,577 - DrawBOM - INFO - Se dibuja el grafo...
2024-05-29 10:22:14,956 - DrawBOM - INFO - Comenzando el proceso de dibujar la BOM
2024-05-29 10:22:15,176 - DrawBOM - INFO - Se añaden los ejes...
2024-05-29 10:22:15,189 - DrawBOM - INFO - Se dibuja el grafo...
2024-05-29 10:23:39,462 - DrawBOM - INFO - Comenzando el proceso de dibujar la BOM
2024-05-29 10:23:39,601 - DrawBOM - INFO - Se añaden los ejes...
2024-05-29 10:23:39,619 - DrawBOM - INFO - Se dibuja el grafo...
2024-05-29 10:24:13,000 - DrawBOM - INFO - Comenzando el proceso de dibujar la BOM
2024-05-29 10:24:13,171 - DrawBOM - INFO - Se añaden los ejes...
2024-05-29 10:24:13,195 - DrawBOM - INFO - Se dibuja el grafo...
2024-05-29 10:24:43,989 - DrawBOM - INFO - Comenzando el proceso de dibujar la BOM
2024-05-29 10:24:44,139 - DrawBOM - INFO - Se añaden los ejes...
2024-05-29 10:24:44,157 - DrawBOM - INFO - Se dibuja el grafo...
2024-05-29 10:38:43,595 - DrawBOM - INFO - Comenzando el proceso de dibujar la BOM
2024-05-29 10:38:43,597 - DrawBOM - INFO - Se procede a construir el grafo dirigido
2024-05-29 10:38:43,601 - DrawBOM - INFO - Se añaden los ejes...
2024-05-29 10:38:43,626 - DrawBOM - INFO - Se dibuja el grafo...
2024-05-29 10:38:58,454 - DrawBOM - INFO - Comenzando el proceso de dibujar la BOM
2024-05-29 10:38:58,455 - DrawBOM - INFO - Se procede a construir el grafo no dirigido
2024-05-29 10:38:58,457 - DrawBOM - INFO - Se añaden los ejes...
2024-05-29 10:38:58,492 - DrawBOM - INFO - Se dibuja el grafo...
2024-05-29 10:43:27,724 - DrawBOM - INFO - Comenzando el proceso de dibujar la BOM
2024-05-29 10:43:27,726 - DrawBOM - INFO - Se procede a construir el grafo dirigido
2024-05-29 10:43:27,728 - DrawBOM - INFO - Se añaden los ejes...
2024-05-29 10:43:27,753 - DrawBOM - INFO - Se dibuja el grafo...
2024-05-29 15:39:58,730 - DrawBOM - INFO - Comenzando el proceso de dibujar la BOM
2024-05-29 15:39:58,734 - DrawBOM - INFO - Se procede a construir el grafo dirigido
2024-05-29 15:39:58,737 - DrawBOM - INFO - Se añaden los ejes...
2024-05-29 15:39:58,757 - DrawBOM - INFO - Se dibuja el grafo...
