2024-05-13 08:25:14,393 - verticaConnector - INFO - Connection Vertica ok: db=FERSADWPRE
2024-05-13 08:25:14,557 - verticaConnector - INFO - Query ejecutada correctamente
2024-05-13 08:25:14,834 - verticaConnector - INFO - Tabla actualizada correctamente.
2024-05-27 11:53:30,086 - verticaConnector - INFO - Connection Vertica ok: db=FERSADWPRE
2024-05-27 12:03:57,379 - verticaConnector - INFO - Connection Vertica ok: db=FERSADWPRE
2024-05-27 12:05:25,184 - verticaConnector - INFO - Connection Vertica ok: db=FERSADWPRE
2024-05-27 12:07:41,914 - verticaConnector - INFO - Connection Vertica ok: db=FERSADWPRE
2024-05-27 12:11:13,449 - verticaConnector - INFO - Connection Vertica ok: db=FERSADWPRE
2024-05-27 12:13:27,392 - verticaConnector - INFO - Connection Vertica ok: db=FERSADWPRE
2024-05-27 12:25:07,809 - verticaConnector - INFO - Connection Vertica ok: db=FERSADWPRE
2024-05-27 12:26:45,502 - verticaConnector - INFO - Connection Vertica ok: db=FERSADWPRE
2024-05-27 12:29:34,555 - verticaConnector - INFO - Connection Vertica ok: db=FERSADWPRE
2024-05-27 12:32:34,113 - verticaConnector - INFO - Connection Vertica ok: db=FERSADWPRE
2024-05-27 12:34:19,858 - verticaConnector - INFO - Connection Vertica ok: db=FERSADWPRE
2024-05-27 12:37:48,441 - verticaConnector - INFO - Connection Vertica ok: db=FERSADWPRE
2024-05-27 12:45:18,998 - verticaConnector - INFO - Connection Vertica ok: db=FERSADWPRE
2024-05-27 12:48:20,557 - verticaConnector - INFO - Connection Vertica ok: db=FERSADWPRE
2024-05-27 12:55:20,618 - verticaConnector - INFO - Connection Vertica ok: db=FERSADWPRE
2024-05-27 12:59:11,250 - verticaConnector - INFO - Connection Vertica ok: db=FERSADWPRE
2024-05-27 13:00:27,895 - verticaConnector - INFO - Connection Vertica ok: db=FERSADWPRE
2024-05-27 15:43:50,014 - verticaConnector - ERROR - Failed to establish a connection to the primary server or any backup address.
Traceback (most recent call last):
  File "c:\Users\juan.minguez\Desktop\TFM\PythonProyect\DAO\verticaConnector.py", line 17, in __init__
    with vertica_python.connect(**self.conn_info) as conn:
       ^^^^^^^^^^^^^^^^^^^^^^^^^^^^^^^^^^^^^^^^
  File "C:\Users\juan.minguez\Desktop\TFM\PythonProyect\.venv\Lib\site-packages\vertica_python\vertica\connection.py", line 86, in connect
    return Connection(kwargs)
           ^^^^^^^^^^^^^^^^^^
  File "C:\Users\juan.minguez\Desktop\TFM\PythonProyect\.venv\Lib\site-packages\vertica_python\vertica\connection.py", line 340, in __init__
    self.startup_connection()
  File "C:\Users\juan.minguez\Desktop\TFM\PythonProyect\.venv\Lib\site-packages\vertica_python\vertica\connection.py", line 877, in startup_connection
    self.write(messages.Startup(user, database, session_label, os_user_name, autocommit, binary_transfer,
  File "C:\Users\juan.minguez\Desktop\TFM\PythonProyect\.venv\Lib\site-packages\vertica_python\vertica\connection.py", line 640, in write
    vsocket = self._socket()
              ^^^^^^^^^^^^^^
  File "C:\Users\juan.minguez\Desktop\TFM\PythonProyect\.venv\Lib\site-packages\vertica_python\vertica\connection.py", line 484, in _socket
    raw_socket = self.establish_socket_connection(self.address_list)
                 ^^^^^^^^^^^^^^^^^^^^^^^^^^^^^^^^^^^^^^^^^^^^^^^^^^^
  File "C:\Users\juan.minguez\Desktop\TFM\PythonProyect\.venv\Lib\site-packages\vertica_python\vertica\connection.py", line 628, in establish_socket_connection
    raise errors.ConnectionError(err_msg)
vertica_python.errors.ConnectionError: Failed to establish a connection to the primary server or any backup address.
2024-05-27 15:43:50,033 - verticaConnector - ERROR - Failed to establish a connection to the primary server or any backup address.
Traceback (most recent call last):
  File "c:\Users\juan.minguez\Desktop\TFM\PythonProyect\DAO\verticaConnector.py", line 36, in executeQuery
    with vertica_python.connect(**verticaConnexion.conn_info) as conn:
         ^^^^^^^^^^^^^^^^^^^^^^^^^^^^^^^^^^^^^^^^^^^^^^^^^^^^
  File "C:\Users\juan.minguez\Desktop\TFM\PythonProyect\.venv\Lib\site-packages\vertica_python\vertica\connection.py", line 86, in connect
    return Connection(kwargs)
           ^^^^^^^^^^^^^^^^^^
  File "C:\Users\juan.minguez\Desktop\TFM\PythonProyect\.venv\Lib\site-packages\vertica_python\vertica\connection.py", line 340, in __init__
    self.startup_connection()
  File "C:\Users\juan.minguez\Desktop\TFM\PythonProyect\.venv\Lib\site-packages\vertica_python\vertica\connection.py", line 877, in startup_connection
    self.write(messages.Startup(user, database, session_label, os_user_name, autocommit, binary_transfer,
  File "C:\Users\juan.minguez\Desktop\TFM\PythonProyect\.venv\Lib\site-packages\vertica_python\vertica\connection.py", line 640, in write
    vsocket = self._socket()
              ^^^^^^^^^^^^^^
  File "C:\Users\juan.minguez\Desktop\TFM\PythonProyect\.venv\Lib\site-packages\vertica_python\vertica\connection.py", line 484, in _socket
    raw_socket = self.establish_socket_connection(self.address_list)
                 ^^^^^^^^^^^^^^^^^^^^^^^^^^^^^^^^^^^^^^^^^^^^^^^^^^^
  File "C:\Users\juan.minguez\Desktop\TFM\PythonProyect\.venv\Lib\site-packages\vertica_python\vertica\connection.py", line 628, in establish_socket_connection
    raise errors.ConnectionError(err_msg)
vertica_python.errors.ConnectionError: Failed to establish a connection to the primary server or any backup address.
2024-05-27 15:44:25,765 - verticaConnector - INFO - Connection Vertica ok: db=FERSADWPRE
2024-05-27 16:04:28,746 - verticaConnector - INFO - Connection Vertica ok: db=FERSADWPRE
2024-05-27 16:14:04,825 - verticaConnector - INFO - Connection Vertica ok: db=FERSADWPRE
2024-05-27 16:32:34,356 - verticaConnector - INFO - Connection Vertica ok: db=FERSADWPRE
2024-05-27 16:35:14,354 - verticaConnector - INFO - Connection Vertica ok: db=FERSADWPRE
2024-05-28 07:36:43,430 - verticaConnector - INFO - Connection Vertica ok: db=FERSADWPRE
2024-05-28 07:37:40,471 - verticaConnector - INFO - Connection Vertica ok: db=FERSADWPRE
2024-05-28 07:42:21,510 - verticaConnector - INFO - Connection Vertica ok: db=FERSADWPRE
2024-05-28 18:50:28,065 - verticaConnector - INFO - Connection Vertica ok: db=FERSADWPRE
2024-05-28 18:50:39,478 - verticaConnector - INFO - Query ejecutada correctamente
2024-05-28 18:53:54,698 - verticaConnector - INFO - Tabla actualizada correctamente.
2024-05-29 08:51:48,330 - verticaConnector - INFO - Connection Vertica ok: db=FERSADWPRE
2024-05-29 08:52:28,348 - verticaConnector - INFO - Connection Vertica ok: db=FERSADWPRE
2024-05-29 08:53:27,141 - verticaConnector - INFO - Connection Vertica ok: db=FERSADWPRE
2024-05-29 08:58:59,148 - verticaConnector - INFO - Connection Vertica ok: db=FERSADWPRE
2024-05-29 09:04:57,427 - verticaConnector - INFO - Connection Vertica ok: db=FERSADWPRE
2024-05-29 09:18:55,866 - verticaConnector - INFO - Connection Vertica ok: db=FERSADWPRE
2024-05-29 09:20:57,056 - verticaConnector - INFO - Connection Vertica ok: db=FERSADWPRE
2024-05-29 09:21:16,886 - verticaConnector - INFO - Connection Vertica ok: db=FERSADWPRE
2024-05-29 09:26:26,975 - verticaConnector - INFO - Connection Vertica ok: db=FERSADWPRE
2024-05-29 09:27:15,283 - verticaConnector - INFO - Connection Vertica ok: db=FERSADWPRE
2024-05-29 09:28:00,495 - verticaConnector - INFO - Connection Vertica ok: db=FERSADWPRE
2024-05-29 10:03:54,174 - verticaConnector - INFO - Connection Vertica ok: db=FERSADWPRE
2024-05-29 10:09:19,744 - verticaConnector - INFO - Connection Vertica ok: db=FERSADWPRE
2024-05-29 10:16:12,480 - verticaConnector - INFO - Connection Vertica ok: db=FERSADWPRE
2024-05-29 10:18:53,261 - verticaConnector - INFO - Connection Vertica ok: db=FERSADWPRE
2024-05-29 10:20:11,747 - verticaConnector - INFO - Connection Vertica ok: db=FERSADWPRE
2024-05-29 10:20:49,130 - verticaConnector - INFO - Connection Vertica ok: db=FERSADWPRE
2024-05-29 10:21:14,514 - verticaConnector - INFO - Connection Vertica ok: db=FERSADWPRE
2024-05-29 10:22:15,075 - verticaConnector - INFO - Connection Vertica ok: db=FERSADWPRE
2024-05-29 10:23:39,553 - verticaConnector - INFO - Connection Vertica ok: db=FERSADWPRE
2024-05-29 10:24:13,125 - verticaConnector - INFO - Connection Vertica ok: db=FERSADWPRE
2024-05-29 10:24:44,090 - verticaConnector - INFO - Connection Vertica ok: db=FERSADWPRE
2024-05-29 10:38:43,548 - verticaConnector - INFO - Connection Vertica ok: db=FERSADWPRE
2024-05-29 10:38:58,408 - verticaConnector - INFO - Connection Vertica ok: db=FERSADWPRE
2024-05-29 10:43:27,671 - verticaConnector - INFO - Connection Vertica ok: db=FERSADWPRE
2024-05-29 15:39:58,647 - verticaConnector - INFO - Connection Vertica ok: db=FERSADWPRE
